<?xml version="1.0" encoding="UTF-8"?>
<!-- Generated by org.testng.reporters.JUnitXMLReporter -->
<testsuite ignored="0" hostname="DESKTOP-26C0NPL" failures="0" tests="2" name="Default test" time="3.909" errors="0" timestamp="2025-02-28T17:02:13 IST">
  <testcase classname="com.ninza.hrm.api.PnEfinalTest.EmployeeFinalTest" name="addEmployeeToProject" time="3.383"/>
  <testcase classname="com.ninza.hrm.api.PnEfinalTest.EmployeeFinalTest" name="addEmployeeWithoutEmailTest" time="0.478"/>
</testsuite> <!-- Default test -->
