<?xml version="1.0" encoding="UTF-8"?>
<!-- Generated by org.testng.reporters.JUnitXMLReporter -->
<testsuite ignored="2" hostname="DESKTOP-26C0NPL" failures="0" tests="4" name="Test" time="6.164" errors="0" timestamp="2025-02-28T17:25:01 IST">
  <testcase classname="com.ninza.hrm.api.PnEfinalTest.EmployeeFinalTest" name="addEmployeeToProject" time="3.38"/>
  <testcase classname="com.ninza.hrm.api.PnEfinalTest.EmployeeFinalTest" name="addEmployeeWithoutEmailTest" time="0.39"/>
  <testcase classname="com.ninza.hrm.api.PnEfinalTest.ProjectFinalTest" name="addSingleProjectWithCreated" time="2.143"/>
  <testcase classname="com.ninza.hrm.api.PnEfinalTest.ProjectFinalTest" name="createDuplicateProjectWithCreatedTest" time="0.201"/>
  <testcase classname="com.ninza.hrm.api.baseClass.BaseApiClass" name="@BeforeSuite connectToDB" time="0.0">
    <ignored/>
  </testcase> <!-- @BeforeSuite connectToDB -->
  <testcase classname="com.ninza.hrm.api.baseClass.BaseApiClass" name="@AfterSuite disconnectFromDB" time="0.0">
    <ignored/>
  </testcase> <!-- @AfterSuite disconnectFromDB -->
</testsuite> <!-- Test -->
