<?xml version="1.0" encoding="UTF-8"?>
<testng-results ignored="2" total="6" passed="4" failed="0" skipped="0">
  <reporter-output>
  </reporter-output>
  <suite started-at="2025-02-28T17:24:55 IST" name="Suite" finished-at="2025-02-28T17:25:01 IST" duration-ms="6164">
    <groups>
    </groups>
    <test started-at="2025-02-28T17:24:55 IST" name="Test" finished-at="2025-02-28T17:25:01 IST" duration-ms="6164">
      <class name="com.ninza.hrm.api.PnEfinalTest.EmployeeFinalTest">
        <test-method is-config="true" signature="connectToDB()[pri:0, instance:com.ninza.hrm.api.PnEfinalTest.EmployeeFinalTest@2d710f1a]" started-at="2025-02-28T17:24:53 IST" name="connectToDB" finished-at="2025-02-28T17:24:55 IST" duration-ms="1460" status="PASS">
          <reporter-output>
          </reporter-output>
        </test-method> <!-- connectToDB -->
        <test-method signature="addEmployeeToProject()[pri:0, instance:com.ninza.hrm.api.PnEfinalTest.EmployeeFinalTest@2d710f1a]" started-at="2025-02-28T17:24:55 IST" name="addEmployeeToProject" finished-at="2025-02-28T17:24:58 IST" duration-ms="3380" status="PASS">
          <reporter-output>
          </reporter-output>
        </test-method> <!-- addEmployeeToProject -->
        <test-method signature="addEmployeeWithoutEmailTest()[pri:0, instance:com.ninza.hrm.api.PnEfinalTest.EmployeeFinalTest@2d710f1a]" started-at="2025-02-28T17:24:58 IST" name="addEmployeeWithoutEmailTest" finished-at="2025-02-28T17:24:58 IST" duration-ms="390" status="PASS">
          <reporter-output>
          </reporter-output>
        </test-method> <!-- addEmployeeWithoutEmailTest -->
        <test-method is-config="true" signature="disconnectFromDB()[pri:0, instance:com.ninza.hrm.api.PnEfinalTest.EmployeeFinalTest@2d710f1a]" started-at="2025-02-28T17:25:01 IST" name="disconnectFromDB" finished-at="2025-02-28T17:25:01 IST" duration-ms="2" status="PASS">
          <reporter-output>
          </reporter-output>
        </test-method> <!-- disconnectFromDB -->
      </class> <!-- com.ninza.hrm.api.PnEfinalTest.EmployeeFinalTest -->
      <class name="com.ninza.hrm.api.PnEfinalTest.ProjectFinalTest">
        <test-method signature="addSingleProjectWithCreated()[pri:0, instance:com.ninza.hrm.api.PnEfinalTest.ProjectFinalTest@54e1c68b]" started-at="2025-02-28T17:24:58 IST" name="addSingleProjectWithCreated" finished-at="2025-02-28T17:25:01 IST" duration-ms="2143" status="PASS">
          <reporter-output>
          </reporter-output>
        </test-method> <!-- addSingleProjectWithCreated -->
        <test-method signature="createDuplicateProjectWithCreatedTest()[pri:0, instance:com.ninza.hrm.api.PnEfinalTest.ProjectFinalTest@54e1c68b]" started-at="2025-02-28T17:25:01 IST" name="createDuplicateProjectWithCreatedTest" finished-at="2025-02-28T17:25:01 IST" depends-on-methods="com.ninza.hrm.api.PnEfinalTest.ProjectFinalTest.addSingleProjectWithCreated" duration-ms="201" status="PASS">
          <reporter-output>
          </reporter-output>
        </test-method> <!-- createDuplicateProjectWithCreatedTest -->
      </class> <!-- com.ninza.hrm.api.PnEfinalTest.ProjectFinalTest -->
    </test> <!-- Test -->
  </suite> <!-- Suite -->
</testng-results>
